{
  "Cucumber Features": {
    "coverage": {
      "/Users/sameer/Desktop/CourseAssist/app/channels/application_cable/channel.rb": {
        "lines": [
          1,
          1,
          null,
          null
        ]
      },
      "/Users/sameer/Desktop/CourseAssist/app/channels/application_cable/connection.rb": {
        "lines": [
          1,
          1,
          null,
          null
        ]
      },
      "/Users/sameer/Desktop/CourseAssist/app/controllers/addcourses_controller.rb": {
        "lines": [
          1,
          null,
          1,
          0,
          null,
          null,
          1,
          4,
          null,
          null,
          1,
          null,
          null,
          null,
          null,
          1,
          2,
          null,
          null,
          null,
          2,
          null,
          null,
          1,
          6,
          null,
          null,
          null
        ]
      },
      "/Users/sameer/Desktop/CourseAssist/app/controllers/application_controller.rb": {
        "lines": [
          1,
          1,
          null
        ]
      },
      "/Users/sameer/Desktop/CourseAssist/app/helpers/application_helper.rb": {
        "lines": [
          1,
          null
        ]
      },
      "/Users/sameer/Desktop/CourseAssist/app/helpers/addcourses_helper.rb": {
        "lines": [
          1,
          null
        ]
      },
      "/Users/sameer/Desktop/CourseAssist/app/helpers/articles_helper.rb": {
        "lines": [
          1,
          null
        ]
      },
      "/Users/sameer/Desktop/CourseAssist/app/helpers/dashboard_helper.rb": {
        "lines": [
          1,
          null
        ]
      },
      "/Users/sameer/Desktop/CourseAssist/app/helpers/user_helper.rb": {
        "lines": [
          1,
          null
        ]
      },
      "/Users/sameer/Desktop/CourseAssist/app/controllers/articles_controller.rb": {
        "lines": [
          1,
          1,
          null,
          null
        ]
      },
      "/Users/sameer/Desktop/CourseAssist/app/controllers/dashboards_controller.rb": {
        "lines": [
          1,
          1,
          null,
          null,
          0,
          null,
          null,
          1,
          null,
          null,
          4,
          4,
          null,
          4,
          4,
          null,
          null,
          null,
          3,
          3,
          null,
          0,
          3,
          null,
          1,
          2,
          null,
          2,
          null,
          null,
          null,
          3,
          2,
          null,
          2,
          2,
          null,
          0,
          null,
          null,
          1,
          null,
          1,
          0,
          1,
          1,
          null,
          0,
          null,
          null,
          null,
          1,
          1,
          null,
          null,
          null,
          1,
          4,
          null,
          4,
          4,
          null,
          null,
          1,
          null,
          null,
          1,
          4,
          null,
          null
        ]
      },
      "/Users/sameer/Desktop/CourseAssist/app/controllers/users_controller.rb": {
        "lines": [
          1,
          1,
          null,
          1,
          2,
          null,
          null,
          1,
          null,
          null,
          null,
          null,
          1,
          null,
          null,
          null,
          2,
          2,
          2,
          null,
          null,
          1,
          null,
          1,
          2,
          null,
          null
        ]
      },
      "/Users/sameer/Desktop/CourseAssist/app/jobs/application_job.rb": {
        "lines": [
          1,
          null,
          null,
          null,
          null,
          null,
          null
        ]
      },
      "/Users/sameer/Desktop/CourseAssist/app/mailers/application_mailer.rb": {
        "lines": [
          1,
          1,
          1,
          null
        ]
      },
      "/Users/sameer/Desktop/CourseAssist/app/models/addcourse.rb": {
        "lines": [
          1,
          null
        ]
      },
      "/Users/sameer/Desktop/CourseAssist/app/models/application_record.rb": {
        "lines": [
          1,
          1,
          null
        ]
      },
      "/Users/sameer/Desktop/CourseAssist/app/models/user.rb": {
        "lines": [
          1,
          null
        ]
      }
    },
    "timestamp": 1667444441
  },
  "RSpec": {
    "coverage": {
      "/Users/sameer/Desktop/CourseAssist/config/environment.rb": {
        "lines": [
          null,
          1,
          null,
          null,
          1
        ]
      },
      "/Users/sameer/Desktop/CourseAssist/config/application.rb": {
        "lines": [
          1,
          null,
          1,
          null,
          null,
          null,
          1,
          null,
          1,
          1,
          null,
          1,
          null,
          null,
          null,
          null,
          null,
          null,
          null,
          null,
          null,
          null
        ]
      },
      "/Users/sameer/Desktop/CourseAssist/config/boot.rb": {
        "lines": [
          1,
          null,
          1,
          1
        ]
      },
      "/Users/sameer/Desktop/CourseAssist/config/environments/test.rb": {
        "lines": [
          1,
          null,
          null,
          null,
          null,
          null,
          null,
          1,
          null,
          1,
          1,
          null,
          null,
          null,
          null,
          1,
          null,
          null,
          null,
          null,
          1,
          null,
          null,
          1,
          1,
          null,
          null,
          null,
          null,
          1,
          1,
          1,
          null,
          null,
          1,
          null,
          null,
          1,
          null,
          null,
          1,
          null,
          1,
          null,
          null,
          null,
          null,
          1,
          null,
          null,
          1,
          null,
          null,
          1,
          null,
          null,
          1,
          null,
          null,
          null,
          null,
          null,
          null,
          null
        ]
      },
      "/Users/sameer/Desktop/CourseAssist/config/initializers/assets.rb": {
        "lines": [
          null,
          null,
          null,
          1,
          null,
          null,
          null,
          null,
          null,
          null,
          null,
          null
        ]
      },
      "/Users/sameer/Desktop/CourseAssist/config/initializers/content_security_policy.rb": {
        "lines": [
          null,
          null,
          null,
          null,
          null,
          null,
          null,
          null,
          null,
          null,
          null,
          null,
          null,
          null,
          null,
          null,
          null,
          null,
          null,
          null,
          null,
          null,
          null,
          null,
          null
        ]
      },
      "/Users/sameer/Desktop/CourseAssist/config/initializers/cookies_serializer.rb": {
        "lines": [
          null,
          null,
          1
        ]
      },
      "/Users/sameer/Desktop/CourseAssist/config/initializers/filter_parameter_logging.rb": {
        "lines": [
          null,
          null,
          null,
          null,
          null,
          1,
          null,
          null
        ]
      },
      "/Users/sameer/Desktop/CourseAssist/config/initializers/inflections.rb": {
        "lines": [
          null,
          null,
          null,
          null,
          null,
          null,
          null,
          null,
          null,
          null,
          null,
          null,
          null,
          null,
          null,
          null
        ]
      },
      "/Users/sameer/Desktop/CourseAssist/config/initializers/permissions_policy.rb": {
        "lines": [
          null,
          null,
          null,
          null,
          null,
          null,
          null,
          null,
          null,
          null,
          null
        ]
      },
      "/Users/sameer/Desktop/CourseAssist/config/initializers/session_store.rb": {
        "lines": [
          null,
          null,
          1
        ]
      },
      "/Users/sameer/Desktop/CourseAssist/config/initializers/wrap_parameters.rb": {
        "lines": [
          null,
          null,
          null,
          null,
          1,
          2,
          null,
          null,
          null,
          1,
          1,
          null
        ]
      },
      "/Users/sameer/Desktop/CourseAssist/app/channels/application_cable/channel.rb": {
        "lines": [
          1,
          1,
          null,
          null
        ]
      },
      "/Users/sameer/Desktop/CourseAssist/app/channels/application_cable/connection.rb": {
        "lines": [
          1,
          1,
          null,
          null
        ]
      },
      "/Users/sameer/Desktop/CourseAssist/app/controllers/addcourses_controller.rb": {
        "lines": [
          1,
          null,
          1,
          1,
          null,
          null,
          1,
          0,
          null,
          null,
          1,
          null,
          null,
          null,
          null,
          1,
          0,
          null,
          null,
          null,
          0,
          null,
          null,
          1,
          0,
          null,
          null,
          null
        ]
      },
      "/Users/sameer/Desktop/CourseAssist/app/controllers/application_controller.rb": {
        "lines": [
          1,
          1,
          null
        ]
      },
      "/Users/sameer/Desktop/CourseAssist/app/helpers/application_helper.rb": {
        "lines": [
          1,
          null
        ]
      },
      "/Users/sameer/Desktop/CourseAssist/app/helpers/addcourses_helper.rb": {
        "lines": [
          1,
          null
        ]
      },
      "/Users/sameer/Desktop/CourseAssist/app/helpers/articles_helper.rb": {
        "lines": [
          1,
          null
        ]
      },
      "/Users/sameer/Desktop/CourseAssist/app/helpers/dashboard_helper.rb": {
        "lines": [
          1,
          null
        ]
      },
      "/Users/sameer/Desktop/CourseAssist/app/helpers/user_helper.rb": {
        "lines": [
          1,
          null
        ]
      },
      "/Users/sameer/Desktop/CourseAssist/app/controllers/articles_controller.rb": {
        "lines": [
          1,
          1,
          null,
          null
        ]
      },
      "/Users/sameer/Desktop/CourseAssist/app/controllers/dashboards_controller.rb": {
        "lines": [
          1,
          1,
          null,
          null,
          0,
          null,
          null,
          1,
          null,
          null,
          14,
          14,
          null,
          14,
          14,
          null,
          null,
          null,
          13,
          11,
          null,
          2,
          9,
          null,
          3,
          6,
          null,
          4,
          null,
          null,
          null,
          13,
          6,
          null,
          6,
          4,
          null,
          2,
          null,
          null,
          7,
          null,
          7,
          2,
          5,
          3,
          null,
          2,
          null,
          null,
          null,
          1,
          1,
          null,
          null,
          null,
          1,
          0,
          null,
          0,
          0,
          null,
          null,
          1,
          null,
          null,
          1,
          0,
          null,
          null
        ]
      },
      "/Users/sameer/Desktop/CourseAssist/app/controllers/users_controller.rb": {
        "lines": [
          1,
          1,
          null,
          1,
          0,
          null,
          null,
          1,
          null,
          null,
          null,
          null,
          1,
          null,
          null,
          null,
          1,
          1,
          1,
          null,
          null,
          1,
          null,
          1,
          1,
          null,
          null
        ]
      },
      "/Users/sameer/Desktop/CourseAssist/app/jobs/application_job.rb": {
        "lines": [
          1,
          null,
          null,
          null,
          null,
          null,
          null
        ]
      },
      "/Users/sameer/Desktop/CourseAssist/app/mailers/application_mailer.rb": {
        "lines": [
          1,
          1,
          1,
          null
        ]
      },
      "/Users/sameer/Desktop/CourseAssist/app/models/addcourse.rb": {
        "lines": [
          1,
          null
        ]
      },
      "/Users/sameer/Desktop/CourseAssist/app/models/application_record.rb": {
        "lines": [
          1,
          1,
          null
        ]
      },
      "/Users/sameer/Desktop/CourseAssist/app/models/user.rb": {
        "lines": [
          1,
          null
        ]
      },
      "/Users/sameer/Desktop/CourseAssist/config/routes.rb": {
        "lines": [
          1,
          null,
          null,
          null,
          null,
          1,
          null,
          1,
          null,
          1,
          1,
          1,
          1,
          null,
          null
        ]
      },
      "/Users/sameer/Desktop/CourseAssist/spec/controllers/dashboards_controller_spec.rb": {
        "lines": [
          1,
          null,
          1,
          1,
          14,
          null,
          null,
          null,
          null,
          null,
          null,
          14,
          null,
          null,
          null,
          null,
          null,
          null,
          14,
          null,
          null,
          null,
          null,
          null,
          null,
          14,
          null,
          null,
          null,
          null,
          null,
          null,
          14,
          null,
          null,
          null,
          null,
          null,
          null,
          1,
          1,
          1,
          1,
          1,
          null,
          1,
          1,
          1,
          1,
          1,
          null,
          1,
          1,
          1,
          1,
          1,
          null,
          1,
          1,
          1,
          1,
          1,
          null,
          1,
          1,
          1,
          1,
          1,
          null,
          1,
          1,
          1,
          1,
          1,
          null,
          1,
          1,
          1,
          1,
          1,
          null,
          1,
          1,
          1,
          1,
          null,
          1,
          1,
          1,
          1,
          null,
          1,
          1,
          1,
          1,
          null,
          1,
          1,
          1,
          1,
          null,
          1,
          1,
          1,
          1,
          null,
          1,
          1,
          1,
          1,
          null,
          1,
          1,
          1,
          1,
          null,
          null
        ]
      },
      "/Users/sameer/Desktop/CourseAssist/spec/controllers/users_controller_spec.rb": {
        "lines": [
          1,
          null,
          1,
          1,
          1,
          null,
          1,
          1,
          null,
          null
        ]
      }
    },
    "timestamp": 1667444449
  }
}
